2019-01-21 16:33:35 [scrapy.utils.log] INFO: Scrapy 1.5.1 started (bot: AreaSpider)
2019-01-21 16:33:35 [scrapy.utils.log] INFO: Versions: lxml 4.2.5.0, libxml2 2.9.8, cssselect 1.0.3, parsel 1.5.1, w3lib 1.19.0, Twisted 18.9.0, Python 3.7.2 (default, Dec 27 2018, 07:35:06) - [Clang 10.0.0 (clang-1000.11.45.5)], pyOpenSSL 18.0.0 (OpenSSL 1.1.0j  20 Nov 2018), cryptography 2.4.2, Platform Darwin-18.2.0-x86_64-i386-64bit
2019-01-21 16:33:35 [scrapy.crawler] INFO: Overridden settings: {'BOT_NAME': 'AreaSpider', 'LOG_FILE': '2019-01-21_16-33-35.log', 'LOG_LEVEL': 'INFO', 'NEWSPIDER_MODULE': 'AreaSpider.spiders', 'SPIDER_MODULES': ['AreaSpider.spiders'], 'USER_AGENT': 'Mozilla/5.0 (Macintosh; Intel Mac OS X 10_14_2) AppleWebKit/537.36 (KHTML, like Gecko) Chrome/71.0.3578.98 Safari/537.36'}
2019-01-21 16:33:35 [scrapy.middleware] INFO: Enabled extensions:
['scrapy.extensions.corestats.CoreStats',
 'scrapy.extensions.telnet.TelnetConsole',
 'scrapy.extensions.memusage.MemoryUsage',
 'scrapy.extensions.logstats.LogStats']
2019-01-21 16:33:35 [scrapy.middleware] INFO: Enabled downloader middlewares:
['scrapy.downloadermiddlewares.httpauth.HttpAuthMiddleware',
 'scrapy.downloadermiddlewares.downloadtimeout.DownloadTimeoutMiddleware',
 'scrapy.downloadermiddlewares.defaultheaders.DefaultHeadersMiddleware',
 'scrapy.downloadermiddlewares.useragent.UserAgentMiddleware',
 'scrapy.downloadermiddlewares.retry.RetryMiddleware',
 'scrapy.downloadermiddlewares.redirect.MetaRefreshMiddleware',
 'scrapy.downloadermiddlewares.httpcompression.HttpCompressionMiddleware',
 'scrapy.downloadermiddlewares.redirect.RedirectMiddleware',
 'scrapy.downloadermiddlewares.cookies.CookiesMiddleware',
 'scrapy.downloadermiddlewares.httpproxy.HttpProxyMiddleware',
 'scrapy.downloadermiddlewares.stats.DownloaderStats']
2019-01-21 16:33:35 [scrapy.middleware] INFO: Enabled spider middlewares:
['AreaSpider.middlewares.SpiderRandomUserAgentMiddleware',
 'scrapy.spidermiddlewares.httperror.HttpErrorMiddleware',
 'scrapy.spidermiddlewares.offsite.OffsiteMiddleware',
 'scrapy.spidermiddlewares.referer.RefererMiddleware',
 'scrapy.spidermiddlewares.urllength.UrlLengthMiddleware',
 'scrapy.spidermiddlewares.depth.DepthMiddleware']
2019-01-21 16:33:35 [scrapy.middleware] INFO: Enabled item pipelines:
['AreaSpider.pipelines.MysqlTwistedPipeline']
2019-01-21 16:33:35 [scrapy.core.engine] INFO: Spider opened
2019-01-21 16:33:35 [scrapy.extensions.logstats] INFO: Crawled 0 pages (at 0 pages/min), scraped 0 items (at 0 items/min)
2019-01-21 16:34:35 [scrapy.extensions.logstats] INFO: Crawled 1463 pages (at 1463 pages/min), scraped 20231 items (at 20231 items/min)
2019-01-21 16:35:35 [scrapy.extensions.logstats] INFO: Crawled 1756 pages (at 293 pages/min), scraped 23420 items (at 3189 items/min)
2019-01-21 16:36:35 [scrapy.extensions.logstats] INFO: Crawled 2131 pages (at 375 pages/min), scraped 27502 items (at 4082 items/min)
2019-01-21 16:37:35 [scrapy.extensions.logstats] INFO: Crawled 2696 pages (at 565 pages/min), scraped 35912 items (at 8410 items/min)
2019-01-21 16:38:35 [scrapy.extensions.logstats] INFO: Crawled 2896 pages (at 200 pages/min), scraped 39279 items (at 3367 items/min)
2019-01-21 16:39:35 [scrapy.extensions.logstats] INFO: Crawled 3348 pages (at 452 pages/min), scraped 48791 items (at 9512 items/min)
2019-01-21 16:40:35 [scrapy.extensions.logstats] INFO: Crawled 3497 pages (at 149 pages/min), scraped 50385 items (at 1594 items/min)
2019-01-21 16:41:35 [scrapy.extensions.logstats] INFO: Crawled 3667 pages (at 170 pages/min), scraped 51810 items (at 1425 items/min)
2019-01-21 16:42:35 [scrapy.extensions.logstats] INFO: Crawled 4188 pages (at 521 pages/min), scraped 55830 items (at 4020 items/min)
2019-01-21 16:43:35 [scrapy.extensions.logstats] INFO: Crawled 5090 pages (at 902 pages/min), scraped 64154 items (at 8324 items/min)
2019-01-21 16:44:35 [scrapy.extensions.logstats] INFO: Crawled 5343 pages (at 253 pages/min), scraped 66172 items (at 2018 items/min)
2019-01-21 16:45:35 [scrapy.extensions.logstats] INFO: Crawled 5675 pages (at 332 pages/min), scraped 68482 items (at 2310 items/min)
2019-01-21 16:46:35 [scrapy.extensions.logstats] INFO: Crawled 6262 pages (at 587 pages/min), scraped 74142 items (at 5660 items/min)
2019-01-21 16:47:35 [scrapy.extensions.logstats] INFO: Crawled 7108 pages (at 846 pages/min), scraped 82741 items (at 8599 items/min)
2019-01-21 16:48:35 [scrapy.extensions.logstats] INFO: Crawled 7381 pages (at 273 pages/min), scraped 86285 items (at 3544 items/min)
2019-01-21 16:49:35 [scrapy.extensions.logstats] INFO: Crawled 7703 pages (at 322 pages/min), scraped 91042 items (at 4757 items/min)
2019-01-21 16:50:35 [scrapy.extensions.logstats] INFO: Crawled 8297 pages (at 594 pages/min), scraped 99403 items (at 8361 items/min)
2019-01-21 16:51:35 [scrapy.extensions.logstats] INFO: Crawled 9006 pages (at 709 pages/min), scraped 107782 items (at 8379 items/min)
2019-01-21 16:52:35 [scrapy.extensions.logstats] INFO: Crawled 9320 pages (at 314 pages/min), scraped 111179 items (at 3397 items/min)
2019-01-21 16:53:35 [scrapy.extensions.logstats] INFO: Crawled 10468 pages (at 1148 pages/min), scraped 127551 items (at 16372 items/min)
2019-01-21 16:54:35 [scrapy.extensions.logstats] INFO: Crawled 10900 pages (at 432 pages/min), scraped 132457 items (at 4906 items/min)
2019-01-21 16:55:35 [scrapy.extensions.logstats] INFO: Crawled 11268 pages (at 368 pages/min), scraped 135972 items (at 3515 items/min)
2019-01-21 16:56:35 [scrapy.extensions.logstats] INFO: Crawled 11766 pages (at 498 pages/min), scraped 141136 items (at 5164 items/min)
2019-01-21 16:57:35 [scrapy.extensions.logstats] INFO: Crawled 11986 pages (at 220 pages/min), scraped 144244 items (at 3108 items/min)
2019-01-21 16:58:35 [scrapy.extensions.logstats] INFO: Crawled 12236 pages (at 250 pages/min), scraped 147338 items (at 3094 items/min)
2019-01-21 16:59:35 [scrapy.extensions.logstats] INFO: Crawled 12527 pages (at 291 pages/min), scraped 151325 items (at 3987 items/min)
2019-01-21 17:00:35 [scrapy.extensions.logstats] INFO: Crawled 13157 pages (at 630 pages/min), scraped 158306 items (at 6981 items/min)
2019-01-21 17:01:35 [scrapy.extensions.logstats] INFO: Crawled 13993 pages (at 836 pages/min), scraped 166947 items (at 8641 items/min)
2019-01-21 17:02:35 [scrapy.extensions.logstats] INFO: Crawled 14377 pages (at 384 pages/min), scraped 170774 items (at 3827 items/min)
2019-01-21 17:03:35 [scrapy.extensions.logstats] INFO: Crawled 14758 pages (at 381 pages/min), scraped 175331 items (at 4557 items/min)
2019-01-21 17:04:35 [scrapy.extensions.logstats] INFO: Crawled 14997 pages (at 239 pages/min), scraped 177184 items (at 1853 items/min)
2019-01-21 17:05:35 [scrapy.extensions.logstats] INFO: Crawled 15542 pages (at 545 pages/min), scraped 182793 items (at 5609 items/min)
2019-01-21 17:06:35 [scrapy.extensions.logstats] INFO: Crawled 15915 pages (at 373 pages/min), scraped 191640 items (at 8847 items/min)
2019-01-21 17:07:35 [scrapy.extensions.logstats] INFO: Crawled 16168 pages (at 253 pages/min), scraped 197089 items (at 5449 items/min)
2019-01-21 17:08:35 [scrapy.extensions.logstats] INFO: Crawled 16809 pages (at 641 pages/min), scraped 207433 items (at 10344 items/min)
2019-01-21 17:09:35 [scrapy.extensions.logstats] INFO: Crawled 16944 pages (at 135 pages/min), scraped 209449 items (at 2016 items/min)
2019-01-21 17:10:35 [scrapy.extensions.logstats] INFO: Crawled 17246 pages (at 302 pages/min), scraped 216899 items (at 7450 items/min)
2019-01-21 17:11:35 [scrapy.extensions.logstats] INFO: Crawled 17776 pages (at 530 pages/min), scraped 227979 items (at 11080 items/min)
2019-01-21 17:12:35 [scrapy.extensions.logstats] INFO: Crawled 18152 pages (at 376 pages/min), scraped 233059 items (at 5080 items/min)
2019-01-21 17:13:35 [scrapy.extensions.logstats] INFO: Crawled 19061 pages (at 909 pages/min), scraped 246977 items (at 13918 items/min)
2019-01-21 17:14:35 [scrapy.extensions.logstats] INFO: Crawled 19516 pages (at 455 pages/min), scraped 255882 items (at 8905 items/min)
2019-01-21 17:15:35 [scrapy.extensions.logstats] INFO: Crawled 20050 pages (at 534 pages/min), scraped 266810 items (at 10928 items/min)
2019-01-21 17:16:35 [scrapy.extensions.logstats] INFO: Crawled 20292 pages (at 242 pages/min), scraped 271206 items (at 4396 items/min)
2019-01-21 17:17:35 [scrapy.extensions.logstats] INFO: Crawled 21051 pages (at 759 pages/min), scraped 280833 items (at 9627 items/min)
2019-01-21 17:18:35 [scrapy.extensions.logstats] INFO: Crawled 21258 pages (at 207 pages/min), scraped 282704 items (at 1871 items/min)
2019-01-21 17:19:35 [scrapy.extensions.logstats] INFO: Crawled 21896 pages (at 638 pages/min), scraped 289122 items (at 6418 items/min)
2019-01-21 17:20:35 [scrapy.extensions.logstats] INFO: Crawled 22306 pages (at 410 pages/min), scraped 293426 items (at 4304 items/min)
2019-01-21 17:21:35 [scrapy.extensions.logstats] INFO: Crawled 22769 pages (at 463 pages/min), scraped 298077 items (at 4651 items/min)
2019-01-21 17:22:35 [scrapy.extensions.logstats] INFO: Crawled 23083 pages (at 314 pages/min), scraped 300571 items (at 2494 items/min)
2019-01-21 17:23:35 [scrapy.extensions.logstats] INFO: Crawled 23690 pages (at 607 pages/min), scraped 306025 items (at 5454 items/min)
2019-01-21 17:24:35 [scrapy.extensions.logstats] INFO: Crawled 23911 pages (at 221 pages/min), scraped 308043 items (at 2018 items/min)
2019-01-21 17:25:35 [scrapy.extensions.logstats] INFO: Crawled 24207 pages (at 296 pages/min), scraped 310213 items (at 2170 items/min)
2019-01-21 17:26:35 [scrapy.extensions.logstats] INFO: Crawled 24770 pages (at 563 pages/min), scraped 315646 items (at 5433 items/min)
2019-01-21 17:27:35 [scrapy.extensions.logstats] INFO: Crawled 24986 pages (at 216 pages/min), scraped 317161 items (at 1515 items/min)
2019-01-21 17:28:35 [scrapy.extensions.logstats] INFO: Crawled 25351 pages (at 365 pages/min), scraped 318734 items (at 1573 items/min)
2019-01-21 17:29:35 [scrapy.extensions.logstats] INFO: Crawled 25748 pages (at 397 pages/min), scraped 322455 items (at 3721 items/min)
2019-01-21 17:30:35 [scrapy.extensions.logstats] INFO: Crawled 26134 pages (at 386 pages/min), scraped 330027 items (at 7572 items/min)
2019-01-21 17:31:35 [scrapy.extensions.logstats] INFO: Crawled 26555 pages (at 421 pages/min), scraped 336113 items (at 6086 items/min)
2019-01-21 17:32:35 [scrapy.extensions.logstats] INFO: Crawled 26953 pages (at 398 pages/min), scraped 340716 items (at 4603 items/min)
2019-01-21 17:33:35 [scrapy.extensions.logstats] INFO: Crawled 27253 pages (at 300 pages/min), scraped 343282 items (at 2566 items/min)
2019-01-21 17:34:35 [scrapy.extensions.logstats] INFO: Crawled 27677 pages (at 424 pages/min), scraped 351952 items (at 8670 items/min)
2019-01-21 17:35:35 [scrapy.extensions.logstats] INFO: Crawled 28101 pages (at 424 pages/min), scraped 360091 items (at 8139 items/min)
2019-01-21 17:36:35 [scrapy.extensions.logstats] INFO: Crawled 28484 pages (at 383 pages/min), scraped 367394 items (at 7303 items/min)
2019-01-21 17:37:35 [scrapy.extensions.logstats] INFO: Crawled 28995 pages (at 511 pages/min), scraped 376080 items (at 8686 items/min)
2019-01-21 17:38:35 [scrapy.extensions.logstats] INFO: Crawled 29325 pages (at 330 pages/min), scraped 382399 items (at 6319 items/min)
2019-01-21 17:39:35 [scrapy.extensions.logstats] INFO: Crawled 29630 pages (at 305 pages/min), scraped 389429 items (at 7030 items/min)
2019-01-21 17:40:35 [scrapy.extensions.logstats] INFO: Crawled 29818 pages (at 188 pages/min), scraped 392578 items (at 3149 items/min)
2019-01-21 17:41:35 [scrapy.extensions.logstats] INFO: Crawled 30191 pages (at 373 pages/min), scraped 397742 items (at 5164 items/min)
2019-01-21 17:42:35 [scrapy.extensions.logstats] INFO: Crawled 30353 pages (at 162 pages/min), scraped 400508 items (at 2766 items/min)
2019-01-21 17:43:35 [scrapy.extensions.logstats] INFO: Crawled 30654 pages (at 301 pages/min), scraped 405811 items (at 5303 items/min)
2019-01-21 17:44:35 [scrapy.extensions.logstats] INFO: Crawled 30965 pages (at 311 pages/min), scraped 412623 items (at 6812 items/min)
2019-01-21 17:45:35 [scrapy.extensions.logstats] INFO: Crawled 31138 pages (at 173 pages/min), scraped 416168 items (at 3545 items/min)
2019-01-21 17:46:35 [scrapy.extensions.logstats] INFO: Crawled 31815 pages (at 677 pages/min), scraped 423864 items (at 7696 items/min)
2019-01-21 17:47:35 [scrapy.extensions.logstats] INFO: Crawled 32039 pages (at 224 pages/min), scraped 426881 items (at 3017 items/min)
2019-01-21 17:48:35 [scrapy.extensions.logstats] INFO: Crawled 33002 pages (at 963 pages/min), scraped 444361 items (at 17480 items/min)
2019-01-21 17:49:35 [scrapy.extensions.logstats] INFO: Crawled 33555 pages (at 553 pages/min), scraped 459390 items (at 15029 items/min)
2019-01-21 17:50:35 [scrapy.extensions.logstats] INFO: Crawled 33966 pages (at 411 pages/min), scraped 476196 items (at 16806 items/min)
2019-01-21 17:51:35 [scrapy.extensions.logstats] INFO: Crawled 34297 pages (at 331 pages/min), scraped 489221 items (at 13025 items/min)
2019-01-21 17:52:35 [scrapy.extensions.logstats] INFO: Crawled 34800 pages (at 503 pages/min), scraped 509232 items (at 20011 items/min)
2019-01-21 17:53:35 [scrapy.extensions.logstats] INFO: Crawled 35359 pages (at 559 pages/min), scraped 522206 items (at 12974 items/min)
2019-01-21 17:54:35 [scrapy.extensions.logstats] INFO: Crawled 35840 pages (at 481 pages/min), scraped 528057 items (at 5851 items/min)
2019-01-21 17:55:35 [scrapy.extensions.logstats] INFO: Crawled 36233 pages (at 393 pages/min), scraped 533125 items (at 5068 items/min)
2019-01-21 17:56:35 [scrapy.extensions.logstats] INFO: Crawled 36767 pages (at 534 pages/min), scraped 542729 items (at 9604 items/min)
2019-01-21 17:57:35 [scrapy.extensions.logstats] INFO: Crawled 36967 pages (at 200 pages/min), scraped 545441 items (at 2712 items/min)
2019-01-21 17:58:35 [scrapy.extensions.logstats] INFO: Crawled 37737 pages (at 770 pages/min), scraped 554655 items (at 9214 items/min)
2019-01-21 17:59:35 [scrapy.extensions.logstats] INFO: Crawled 37856 pages (at 119 pages/min), scraped 556038 items (at 1383 items/min)
2019-01-21 18:00:35 [scrapy.extensions.logstats] INFO: Crawled 38570 pages (at 714 pages/min), scraped 563750 items (at 7712 items/min)
2019-01-21 18:01:35 [scrapy.extensions.logstats] INFO: Crawled 38712 pages (at 142 pages/min), scraped 565099 items (at 1349 items/min)
2019-01-21 18:02:35 [scrapy.extensions.logstats] INFO: Crawled 39212 pages (at 500 pages/min), scraped 571229 items (at 6130 items/min)
2019-01-21 18:03:35 [scrapy.extensions.logstats] INFO: Crawled 39418 pages (at 206 pages/min), scraped 573446 items (at 2217 items/min)
2019-01-21 18:04:35 [scrapy.extensions.logstats] INFO: Crawled 39803 pages (at 385 pages/min), scraped 578503 items (at 5057 items/min)
2019-01-21 18:05:35 [scrapy.extensions.logstats] INFO: Crawled 40140 pages (at 337 pages/min), scraped 582739 items (at 4236 items/min)
2019-01-21 18:06:35 [scrapy.extensions.logstats] INFO: Crawled 40665 pages (at 525 pages/min), scraped 590341 items (at 7602 items/min)
2019-01-21 18:07:35 [scrapy.extensions.logstats] INFO: Crawled 41098 pages (at 433 pages/min), scraped 597826 items (at 7485 items/min)
2019-01-21 18:08:35 [scrapy.extensions.logstats] INFO: Crawled 41444 pages (at 346 pages/min), scraped 603294 items (at 5468 items/min)
2019-01-21 18:09:35 [scrapy.extensions.logstats] INFO: Crawled 41947 pages (at 503 pages/min), scraped 610213 items (at 6919 items/min)
2019-01-21 18:10:35 [scrapy.extensions.logstats] INFO: Crawled 42468 pages (at 521 pages/min), scraped 617126 items (at 6913 items/min)
2019-01-21 18:11:35 [scrapy.extensions.logstats] INFO: Crawled 42638 pages (at 170 pages/min), scraped 619469 items (at 2343 items/min)
2019-01-21 18:12:35 [scrapy.extensions.logstats] INFO: Crawled 42971 pages (at 333 pages/min), scraped 624431 items (at 4962 items/min)
2019-01-21 18:13:35 [scrapy.extensions.logstats] INFO: Crawled 43532 pages (at 561 pages/min), scraped 631125 items (at 6694 items/min)
2019-01-21 18:14:35 [scrapy.extensions.logstats] INFO: Crawled 44112 pages (at 580 pages/min), scraped 637680 items (at 6555 items/min)
2019-01-21 18:15:35 [scrapy.extensions.logstats] INFO: Crawled 44552 pages (at 440 pages/min), scraped 643643 items (at 5963 items/min)
2019-01-21 18:16:35 [scrapy.extensions.logstats] INFO: Crawled 44843 pages (at 291 pages/min), scraped 647581 items (at 3938 items/min)
2019-01-21 18:17:35 [scrapy.extensions.logstats] INFO: Crawled 45133 pages (at 290 pages/min), scraped 651332 items (at 3751 items/min)
2019-01-21 18:18:35 [scrapy.extensions.logstats] INFO: Crawled 45626 pages (at 493 pages/min), scraped 656809 items (at 5477 items/min)
2019-01-21 18:19:35 [scrapy.extensions.logstats] INFO: Crawled 46010 pages (at 384 pages/min), scraped 661929 items (at 5120 items/min)
2019-01-21 18:20:35 [scrapy.extensions.logstats] INFO: Crawled 46396 pages (at 386 pages/min), scraped 668248 items (at 6319 items/min)
2019-01-21 18:21:35 [scrapy.extensions.logstats] INFO: Crawled 46708 pages (at 312 pages/min), scraped 671337 items (at 3089 items/min)
2019-01-21 18:22:35 [scrapy.extensions.logstats] INFO: Crawled 46824 pages (at 116 pages/min), scraped 672568 items (at 1231 items/min)
2019-01-21 18:22:53 [scrapy.core.engine] INFO: Closing spider (finished)
2019-01-21 18:22:53 [scrapy.statscollectors] INFO: Dumping Scrapy stats:
{'downloader/exception_count': 12,
 'downloader/exception_type_count/twisted.internet.error.TimeoutError': 12,
 'downloader/request_bytes': 21992635,
 'downloader/request_count': 47182,
 'downloader/request_method_count/GET': 47182,
 'downloader/response_bytes': 83664131,
 'downloader/response_count': 47170,
 'downloader/response_status_count/200': 46826,
 'downloader/response_status_count/502': 344,
 'finish_reason': 'finished',
 'finish_time': datetime.datetime(2019, 1, 21, 10, 22, 53, 872687),
 'item_scraped_count': 672584,
 'log_count/INFO': 116,
 'memusage/max': 76103680,
 'memusage/startup': 50626560,
 'request_depth_max': 4,
 'response_received_count': 46826,
 'retry/count': 356,
 'retry/reason_count/502 Bad Gateway': 344,
 'retry/reason_count/twisted.internet.error.TimeoutError': 12,
 'scheduler/dequeued': 47182,
 'scheduler/dequeued/memory': 47182,
 'scheduler/enqueued': 47182,
 'scheduler/enqueued/memory': 47182,
 'start_time': datetime.datetime(2019, 1, 21, 8, 33, 35, 979680)}
2019-01-21 18:22:53 [scrapy.core.engine] INFO: Spider closed (finished)
